<?xml version="1.0" encoding="UTF-8"?>
<!-- Generated by org.testng.reporters.JUnitXMLReporter -->
<testsuite hostname="CP0751" name="testSuite" tests="5" failures="0" timestamp="9 Mar 2016 11:27:01 GMT" time="83.274" errors="0">
  <testcase name="failureLoginPass" time="5.167" classname="testSuite.GmailTests"/>
  <testcase name="failureLoginPass" time="5.531" classname="testSuite.GmailTests"/>
  <testcase name="successLogin" time="12.622" classname="testSuite.GmailTests"/>
  <testcase name="failureSearchMail" time="10.955" classname="testSuite.GmailTests"/>
  <testcase name="successSearchMail" time="11.194" classname="testSuite.GmailTests"/>
</testsuite> <!-- testSuite -->
